  log.cpp
  ModuleWindow.cpp
  ModuleTextures.cpp
  ModuleSceneIntro.cpp
c:\users\marcgiu\documents\fisica-ii\physics2_class2 - handout\modulesceneintro.cpp(64): warning C4018: '<': signed/unsigned mismatch
c:\users\marcgiu\documents\fisica-ii\physics2_class2 - handout\modulesceneintro.cpp(72): warning C4018: '<': signed/unsigned mismatch
c:\users\marcgiu\documents\fisica-ii\physics2_class2 - handout\modulesceneintro.cpp(80): warning C4018: '<': signed/unsigned mismatch
  ModuleRender.cpp
  ModulePlayer.cpp
c:\users\marcgiu\documents\fisica-ii\physics2_class2 - handout\box2d\box2d\common\b2math.h(54): warning C4099: 'b2Vec2': type name first seen using 'class' now seen using 'struct'
  c:\users\marcgiu\documents\fisica-ii\physics2_class2 - handout\box2d\box2d\common\b2math.h(53): note: see declaration of 'b2Vec2'
c:\program files (x86)\microsoft visual studio 14.0\vc\include\limits(210): warning C4577: 'noexcept' used with no exception handling mode specified; termination on exception is not guaranteed. Specify /EHsc
  ModulePhysics.cpp
c:\users\marcgiu\documents\fisica-ii\physics2_class2 - handout\box2d\box2d\common\b2math.h(54): warning C4099: 'b2Vec2': type name first seen using 'class' now seen using 'struct'
  c:\users\marcgiu\documents\fisica-ii\physics2_class2 - handout\box2d\box2d\common\b2math.h(53): note: see declaration of 'b2Vec2'
c:\users\marcgiu\documents\fisica-ii\physics2_class2 - handout\modulephysics.cpp(35): warning C4244: 'initializing': conversion from 'float' to 'int', possible loss of data
c:\program files (x86)\microsoft visual studio 14.0\vc\include\cmath(131): warning C4577: 'noexcept' used with no exception handling mode specified; termination on exception is not guaranteed. Specify /EHsc
  ModuleInput.cpp
  ModuleAudio.cpp
  Main.cpp
  Application.cpp
  Generating Code...
  LINK : C:\Users\marcgiu\Documents\Fisica-II\Physics2_class2 - handout\Debug\2D Physics - class 2.exe not found or not built by the last incremental link; performing full link
  SDL Game.vcxproj -> C:\Users\marcgiu\Documents\Fisica-II\Physics2_class2 - handout\Debug\2D Physics - class 2.exe
  SDL Game.vcxproj -> C:\Users\marcgiu\Documents\Fisica-II\Physics2_class2 - handout\Debug\2D Physics - class 2.pdb (Full PDB)
